<?xml version="1.0" encoding="UTF-8" standalone="no"?>
<!DOCTYPE log SYSTEM "logger.dtd">
<log>
<record>
  <date>2018-09-13T14:05:48.366-0300</date>
  <logger>GUSTAVO LUIZ BISPO DOS SANTOS</logger>
  <level>FINE</level>
  <message>File 117210400-GUSTAVO LUIZ BISPO DOS SANTOS.zip was received. It was sent by GUSTAVO LUIZ BISPO DOS SANTOS from IP 150.165.42.213</message>
</record>
</log>
<?xml version="1.0" encoding="UTF-8" standalone="no"?>
<!DOCTYPE log SYSTEM "logger.dtd">
<log>
<record>
  <date>2018-09-13T14:20:31.071-0300</date>
  <logger>GUSTAVO LUIZ BISPO DOS SANTOS</logger>
  <level>FINE</level>
  <message>File 117210400-GUSTAVO LUIZ BISPO DOS SANTOS.zip was received. It was sent by GUSTAVO LUIZ BISPO DOS SANTOS from IP 150.165.42.213</message>
</record>
</log>
<?xml version="1.0" encoding="UTF-8" standalone="no"?>
<!DOCTYPE log SYSTEM "logger.dtd">
<log>
<record>
  <date>2018-09-13T15:26:49.027-0300</date>
  <logger>GUSTAVO LUIZ BISPO DOS SANTOS</logger>
  <level>FINE</level>
  <message>File 117210400-GUSTAVO LUIZ BISPO DOS SANTOS.zip was received. It was sent by GUSTAVO LUIZ BISPO DOS SANTOS from IP 150.165.42.213</message>
</record>
</log>
<?xml version="1.0" encoding="UTF-8" standalone="no"?>
<!DOCTYPE log SYSTEM "logger.dtd">
<log>
<record>
  <date>2018-09-13T15:37:56.132-0300</date>
  <logger>GUSTAVO LUIZ BISPO DOS SANTOS</logger>
  <level>FINE</level>
  <message>File 117210400-GUSTAVO LUIZ BISPO DOS SANTOS.zip was received. It was sent by GUSTAVO LUIZ BISPO DOS SANTOS from IP 150.165.42.213</message>
</record>
